Master node: p0
Hello world from processor p0, rank 1 out of 5 processors
Hello world from processor p0, rank 0 out of 5 processors
Render Drivers
  -opengl
  -opengles2
  -opengles
  -software
Render Drivers
  -opengl
  -opengles2
  -opengles
  -software
264 : 50 : 10 : 10
Hello world from processor p1, rank 2 out of 5 processors
Hello world from processor p2, rank 3 out of 5 processors
Hello world from processor p3, rank 4 out of 5 processors
264 : 50 : 10 : 10
1 : 10
1 : Call Gather
Render Drivers
Render Drivers
Render Drivers
  -opengl
  -opengl
  -opengl
1 : Gathered
  -opengles2
  -opengles2
  -opengles2
  -opengles
  -opengles
  -opengles
  -software
  -software
  -software
264 : 50 : 10 : 10
264 : 50 : 10 : 10
264 : 50 : 10 : 10
2 : 10
2 : Call Gather
2 : Gathered
3 : 10
3 : Call Gather
3 : Gathered
0 : 10
0 : Call Gather
4 : 10
4 : Call Gather
0 : Gathered
4 : Gathered
Max Fit: 334.4, Health: 334.4, Items: 2
Max Fit: 565.2, Health: 565.2, Items: 2
Max Fit: 1642.2, Health: 642.2, Items: 3
Max Fit: 2469.2, Health: 469.2, Items: 4
Max Fit: 3556.9, Health: 556.9, Items: 5
Max Fit: 3784.7, Health: 784.7, Items: 5
Max Fit: 4873.8, Health: 873.8, Items: 6
Max Fit: 5968.7, Health: 968.7, Items: 7
Max Fit: 7068, Health: 1068, Items: 8
Max Fit: 8137.6, Health: 1137.6, Items: 9
Max Fit: 9227.5, Health: 1227.5, Items: 10
 A CHILD!
Max Fit: 9227.5, Health: 727.4, Items: 10
Max Fit: 9822.4, Health: 822.4, Items: 11
Max Fit: 10914.9, Health: 914.9, Items: 12
Max Fit: 12013.2, Health: 1013.2, Items: 13
