Master node: p0
Hello world from processor p0, rank 1 out of 5 processors
Render Drivers
  -opengl
  -opengles2
  -opengles
  -software
Hello world from processor p0, rank 0 out of 5 processors
Render Drivers
  -opengl
  -opengles2
  -opengles
  -software
264 : 50 : 10 : 10
Hello world from processor p2, rank 3 out of 5 processors
Hello world from processor p1, rank 2 out of 5 processors
Hello world from processor p3, rank 4 out of 5 processors
264 : 50 : 10 : 10
Render Drivers
Render Drivers
Render Drivers
1 : 10
  -opengl
  -opengl
  -opengl
  -opengles2
  -opengles2
  -opengles2
  -opengles
  -opengles
  -opengles
  -software
  -software
  -software
264 : 50 : 10 : 10
264 : 50 : 10 : 10
264 : 50 : 10 : 10
2 : 10
3 : 10
0 : 10
4 : 10
Max Fit: 333.87, Health: 333.87, Items: 2
Max Fit: 563.91, Health: 563.91, Items: 2
Max Fit: 1639.76, Health: 639.76, Items: 3
Max Fit: 2465.71, Health: 465.71, Items: 4
Max Fit: 3552.8, Health: 552.795, Items: 5
Max Fit: 3779.49, Health: 779.485, Items: 5
Max Fit: 4868.04, Health: 868.04, Items: 6
Max Fit: 5962.69, Health: 962.685, Items: 7
Max Fit: 7061.95, Health: 1061.95, Items: 8
mpirun: Forwarding signal 18 to job
slurmstepd-p0: error: *** JOB 135 ON p0 CANCELLED AT 2022-03-06T20:33:47 ***
